{"/Users/julianclavijo/Projects/BankList/src/App.tsx": {"path":"/Users/julianclavijo/Projects/BankList/src/App.tsx","statementMap":{"0":{"start":{"line":6,"column":2},"end":{"line":10,"column":4}}},"fnMap":{"0":{"name":"App","decl":{"start":{"line":5,"column":9},"end":{"line":5,"column":12}},"loc":{"start":{"line":5,"column":28},"end":{"line":11,"column":1}},"line":5}},"branchMap":{},"s":{"0":1},"f":{"0":1},"b":{},"_coverageSchema":"1a1c01bbd47fc00a2c39e90264f33305004495a9","hash":"6dc92007035e7652c670a7e22e5cac16f78fd29d"}
,"/Users/julianclavijo/Projects/BankList/src/components/index.ts": {"path":"/Users/julianclavijo/Projects/BankList/src/components/index.ts","statementMap":{},"fnMap":{},"branchMap":{},"s":{},"f":{},"b":{},"_coverageSchema":"1a1c01bbd47fc00a2c39e90264f33305004495a9","hash":"fbbf6ca07593e773f3ea5e21c73530d07b825967"}
,"/Users/julianclavijo/Projects/BankList/src/components/List/index.tsx": {"path":"/Users/julianclavijo/Projects/BankList/src/components/List/index.tsx","statementMap":{"0":{"start":{"line":8,"column":35},"end":{"line":32,"column":1}},"1":{"start":{"line":9,"column":21},"end":{"line":9,"column":70}},"2":{"start":{"line":11,"column":2},"end":{"line":31,"column":4}},"3":{"start":{"line":16,"column":8},"end":{"line":28,"column":20}},"4":{"start":{"line":19,"column":25},"end":{"line":19,"column":66}}},"fnMap":{"0":{"name":"(anonymous_0)","decl":{"start":{"line":8,"column":35},"end":{"line":8,"column":36}},"loc":{"start":{"line":8,"column":47},"end":{"line":32,"column":1}},"line":8},"1":{"name":"(anonymous_1)","decl":{"start":{"line":15,"column":18},"end":{"line":15,"column":19}},"loc":{"start":{"line":16,"column":8},"end":{"line":28,"column":20}},"line":16},"2":{"name":"(anonymous_2)","decl":{"start":{"line":19,"column":19},"end":{"line":19,"column":20}},"loc":{"start":{"line":19,"column":25},"end":{"line":19,"column":66}},"line":19}},"branchMap":{},"s":{"0":1,"1":5,"2":5,"3":10,"4":0},"f":{"0":5,"1":10,"2":0},"b":{},"_coverageSchema":"1a1c01bbd47fc00a2c39e90264f33305004495a9","hash":"f016019c84316b1f76b2e6f19cf2dc2d142efeb6"}
,"/Users/julianclavijo/Projects/BankList/src/components/List/props.ts": {"path":"/Users/julianclavijo/Projects/BankList/src/components/List/props.ts","statementMap":{},"fnMap":{},"branchMap":{},"s":{},"f":{},"b":{}}
,"/Users/julianclavijo/Projects/BankList/src/components/List/style.ts": {"path":"/Users/julianclavijo/Projects/BankList/src/components/List/style.ts","statementMap":{},"fnMap":{},"branchMap":{},"s":{},"f":{},"b":{},"_coverageSchema":"1a1c01bbd47fc00a2c39e90264f33305004495a9","hash":"21b2a7834d2b2bccb4ed9ab6fc6e980cb891f570"}
,"/Users/julianclavijo/Projects/BankList/src/navigation/AppNavigator.tsx": {"path":"/Users/julianclavijo/Projects/BankList/src/navigation/AppNavigator.tsx","statementMap":{"0":{"start":{"line":5,"column":21},"end":{"line":11,"column":1}},"1":{"start":{"line":6,"column":2},"end":{"line":10,"column":4}}},"fnMap":{"0":{"name":"(anonymous_0)","decl":{"start":{"line":5,"column":21},"end":{"line":5,"column":22}},"loc":{"start":{"line":5,"column":27},"end":{"line":11,"column":1}},"line":5}},"branchMap":{},"s":{"0":1,"1":1},"f":{"0":1},"b":{},"_coverageSchema":"1a1c01bbd47fc00a2c39e90264f33305004495a9","hash":"1aeb43c072237f086e7e057e96d1a1542fea6475"}
,"/Users/julianclavijo/Projects/BankList/src/navigation/HomeStack.tsx": {"path":"/Users/julianclavijo/Projects/BankList/src/navigation/HomeStack.tsx","statementMap":{"0":{"start":{"line":7,"column":14},"end":{"line":7,"column":62}},"1":{"start":{"line":9,"column":60},"end":{"line":28,"column":1}},"2":{"start":{"line":12,"column":2},"end":{"line":27,"column":20}},"3":{"start":{"line":16,"column":22},"end":{"line":18,"column":7}},"4":{"start":{"line":23,"column":29},"end":{"line":25,"column":7}}},"fnMap":{"0":{"name":"(anonymous_0)","decl":{"start":{"line":9,"column":60},"end":{"line":9,"column":61}},"loc":{"start":{"line":12,"column":2},"end":{"line":27,"column":20}},"line":12},"1":{"name":"(anonymous_1)","decl":{"start":{"line":16,"column":15},"end":{"line":16,"column":16}},"loc":{"start":{"line":16,"column":22},"end":{"line":18,"column":7}},"line":16},"2":{"name":"(anonymous_2)","decl":{"start":{"line":23,"column":15},"end":{"line":23,"column":16}},"loc":{"start":{"line":23,"column":29},"end":{"line":25,"column":7}},"line":23}},"branchMap":{},"s":{"0":1,"1":1,"2":1,"3":1,"4":0},"f":{"0":1,"1":1,"2":0},"b":{},"_coverageSchema":"1a1c01bbd47fc00a2c39e90264f33305004495a9","hash":"7b046c37738d40ffec4396d9de6bd94182a0c476"}
,"/Users/julianclavijo/Projects/BankList/src/navigation/types.ts": {"path":"/Users/julianclavijo/Projects/BankList/src/navigation/types.ts","statementMap":{},"fnMap":{},"branchMap":{},"s":{},"f":{},"b":{}}
,"/Users/julianclavijo/Projects/BankList/src/pages/index.ts": {"path":"/Users/julianclavijo/Projects/BankList/src/pages/index.ts","statementMap":{},"fnMap":{},"branchMap":{},"s":{},"f":{},"b":{},"_coverageSchema":"1a1c01bbd47fc00a2c39e90264f33305004495a9","hash":"fc5a1cdcbbcf1867e6fb5c881f78bbf7bf9b58a0"}
,"/Users/julianclavijo/Projects/BankList/src/pages/Bank/index.tsx": {"path":"/Users/julianclavijo/Projects/BankList/src/pages/Bank/index.tsx","statementMap":{"0":{"start":{"line":8,"column":20},"end":{"line":24,"column":1}},"1":{"start":{"line":9,"column":16},"end":{"line":9,"column":55}},"2":{"start":{"line":10,"column":44},"end":{"line":10,"column":63}},"3":{"start":{"line":11,"column":2},"end":{"line":23,"column":4}}},"fnMap":{"0":{"name":"(anonymous_0)","decl":{"start":{"line":8,"column":20},"end":{"line":8,"column":21}},"loc":{"start":{"line":8,"column":26},"end":{"line":24,"column":1}},"line":8}},"branchMap":{},"s":{"0":1,"1":0,"2":0,"3":0},"f":{"0":0},"b":{},"_coverageSchema":"1a1c01bbd47fc00a2c39e90264f33305004495a9","hash":"3a152b587e3a94e0de1b306483b071ea6b21db55"}
,"/Users/julianclavijo/Projects/BankList/src/pages/Bank/style.ts": {"path":"/Users/julianclavijo/Projects/BankList/src/pages/Bank/style.ts","statementMap":{},"fnMap":{},"branchMap":{},"s":{},"f":{},"b":{},"_coverageSchema":"1a1c01bbd47fc00a2c39e90264f33305004495a9","hash":"f27269f207b01711f43822ea70b6e4cd89f83cb1"}
,"/Users/julianclavijo/Projects/BankList/src/pages/BankList/index.tsx": {"path":"/Users/julianclavijo/Projects/BankList/src/pages/BankList/index.tsx","statementMap":{"0":{"start":{"line":11,"column":24},"end":{"line":34,"column":1}},"1":{"start":{"line":12,"column":19},"end":{"line":12,"column":32}},"2":{"start":{"line":13,"column":22},"end":{"line":15,"column":3}},"3":{"start":{"line":14,"column":26},"end":{"line":14,"column":52}},"4":{"start":{"line":16,"column":20},"end":{"line":16,"column":78}},"5":{"start":{"line":16,"column":54},"end":{"line":16,"column":77}},"6":{"start":{"line":18,"column":2},"end":{"line":24,"column":30}},"7":{"start":{"line":19,"column":4},"end":{"line":23,"column":5}},"8":{"start":{"line":20,"column":6},"end":{"line":22,"column":8}},"9":{"start":{"line":21,"column":8},"end":{"line":21,"column":31}},"10":{"start":{"line":26,"column":2},"end":{"line":33,"column":4}}},"fnMap":{"0":{"name":"(anonymous_0)","decl":{"start":{"line":11,"column":24},"end":{"line":11,"column":25}},"loc":{"start":{"line":11,"column":30},"end":{"line":34,"column":1}},"line":11},"1":{"name":"(anonymous_1)","decl":{"start":{"line":14,"column":4},"end":{"line":14,"column":5}},"loc":{"start":{"line":14,"column":26},"end":{"line":14,"column":52}},"line":14},"2":{"name":"(anonymous_2)","decl":{"start":{"line":16,"column":32},"end":{"line":16,"column":33}},"loc":{"start":{"line":16,"column":54},"end":{"line":16,"column":77}},"line":16},"3":{"name":"(anonymous_3)","decl":{"start":{"line":18,"column":12},"end":{"line":18,"column":13}},"loc":{"start":{"line":18,"column":18},"end":{"line":24,"column":3}},"line":18},"4":{"name":"(anonymous_4)","decl":{"start":{"line":20,"column":73},"end":{"line":20,"column":74}},"loc":{"start":{"line":21,"column":8},"end":{"line":21,"column":31}},"line":21}},"branchMap":{"0":{"loc":{"start":{"line":19,"column":4},"end":{"line":23,"column":5}},"type":"if","locations":[{"start":{"line":19,"column":4},"end":{"line":23,"column":5}},{"start":{},"end":{}}],"line":19}},"s":{"0":1,"1":6,"2":5,"3":6,"4":5,"5":6,"6":5,"7":4,"8":3,"9":1,"10":5},"f":{"0":6,"1":6,"2":6,"3":4,"4":1},"b":{"0":[3,1]},"_coverageSchema":"1a1c01bbd47fc00a2c39e90264f33305004495a9","hash":"ceac32087607e0cee384eb74e42f8d2b153d00f4"}
,"/Users/julianclavijo/Projects/BankList/src/pages/BankList/style.ts": {"path":"/Users/julianclavijo/Projects/BankList/src/pages/BankList/style.ts","statementMap":{},"fnMap":{},"branchMap":{},"s":{},"f":{},"b":{},"_coverageSchema":"1a1c01bbd47fc00a2c39e90264f33305004495a9","hash":"451a803ad3c4f4f0d9adedbab3df0e0ed73d5694"}
,"/Users/julianclavijo/Projects/BankList/src/redux/StoreProvider.tsx": {"path":"/Users/julianclavijo/Projects/BankList/src/redux/StoreProvider.tsx","statementMap":{"0":{"start":{"line":6,"column":27},"end":{"line":6,"column":35}},"1":{"start":{"line":7,"column":55},"end":{"line":13,"column":1}},"2":{"start":{"line":8,"column":2},"end":{"line":12,"column":13}}},"fnMap":{"0":{"name":"(anonymous_0)","decl":{"start":{"line":7,"column":55},"end":{"line":7,"column":56}},"loc":{"start":{"line":8,"column":2},"end":{"line":12,"column":13}},"line":8}},"branchMap":{},"s":{"0":1,"1":1,"2":3},"f":{"0":3},"b":{},"_coverageSchema":"1a1c01bbd47fc00a2c39e90264f33305004495a9","hash":"40d7170f05deea14099172c15a262f459eb4788e"}
,"/Users/julianclavijo/Projects/BankList/src/redux/store.ts": {"path":"/Users/julianclavijo/Projects/BankList/src/redux/store.ts","statementMap":{"0":{"start":{"line":17,"column":16},"end":{"line":17,"column":26}},"1":{"start":{"line":19,"column":30},"end":{"line":32,"column":1}},"2":{"start":{"line":21,"column":4},"end":{"line":21,"column":28}},"3":{"start":{"line":22,"column":4},"end":{"line":22,"column":33}},"4":{"start":{"line":25,"column":18},"end":{"line":25,"column":40}},"5":{"start":{"line":26,"column":4},"end":{"line":26,"column":34}},"6":{"start":{"line":29,"column":4},"end":{"line":29,"column":24}},"7":{"start":{"line":30,"column":4},"end":{"line":30,"column":29}},"8":{"start":{"line":34,"column":22},"end":{"line":37,"column":1}},"9":{"start":{"line":39,"column":25},"end":{"line":39,"column":66}},"10":{"start":{"line":40,"column":14},"end":{"line":48,"column":2}},"11":{"start":{"line":43,"column":4},"end":{"line":47,"column":6}},"12":{"start":{"line":52,"column":30},"end":{"line":52,"column":62}},"13":{"start":{"line":52,"column":36},"end":{"line":52,"column":62}},"14":{"start":{"line":53,"column":18},"end":{"line":53,"column":37}}},"fnMap":{"0":{"name":"(anonymous_0)","decl":{"start":{"line":20,"column":11},"end":{"line":20,"column":12}},"loc":{"start":{"line":20,"column":27},"end":{"line":23,"column":3}},"line":20},"1":{"name":"(anonymous_1)","decl":{"start":{"line":24,"column":11},"end":{"line":24,"column":12}},"loc":{"start":{"line":24,"column":18},"end":{"line":27,"column":3}},"line":24},"2":{"name":"(anonymous_2)","decl":{"start":{"line":28,"column":14},"end":{"line":28,"column":15}},"loc":{"start":{"line":28,"column":21},"end":{"line":31,"column":3}},"line":28},"3":{"name":"(anonymous_3)","decl":{"start":{"line":42,"column":14},"end":{"line":42,"column":15}},"loc":{"start":{"line":43,"column":4},"end":{"line":47,"column":6}},"line":43},"4":{"name":"(anonymous_4)","decl":{"start":{"line":52,"column":30},"end":{"line":52,"column":31}},"loc":{"start":{"line":52,"column":36},"end":{"line":52,"column":62}},"line":52}},"branchMap":{},"s":{"0":1,"1":1,"2":2,"3":2,"4":1,"5":1,"6":0,"7":0,"8":1,"9":1,"10":1,"11":1,"12":1,"13":0,"14":1},"f":{"0":2,"1":1,"2":0,"3":1,"4":0},"b":{},"_coverageSchema":"1a1c01bbd47fc00a2c39e90264f33305004495a9","hash":"277819850274ef53496edf888bff93a118b2291c"}
,"/Users/julianclavijo/Projects/BankList/src/redux/slices/bankListSlice.ts": {"path":"/Users/julianclavijo/Projects/BankList/src/redux/slices/bankListSlice.ts","statementMap":{"0":{"start":{"line":16,"column":36},"end":{"line":19,"column":1}},"1":{"start":{"line":21,"column":24},"end":{"line":30,"column":2}},"2":{"start":{"line":26,"column":6},"end":{"line":26,"column":38}},"3":{"start":{"line":27,"column":6},"end":{"line":27,"column":31}},"4":{"start":{"line":32,"column":26},"end":{"line":32,"column":42}}},"fnMap":{"0":{"name":"(anonymous_0)","decl":{"start":{"line":25,"column":14},"end":{"line":25,"column":15}},"loc":{"start":{"line":25,"column":61},"end":{"line":28,"column":5}},"line":25}},"branchMap":{},"s":{"0":1,"1":1,"2":2,"3":2,"4":1},"f":{"0":2},"b":{},"_coverageSchema":"1a1c01bbd47fc00a2c39e90264f33305004495a9","hash":"21245c2e17bf4b45da4cda438f6c4b7af6e11530"}
,"/Users/julianclavijo/Projects/BankList/src/redux/slices/index.ts": {"path":"/Users/julianclavijo/Projects/BankList/src/redux/slices/index.ts","statementMap":{"0":{"start":{"line":4,"column":20},"end":{"line":4,"column":47}}},"fnMap":{},"branchMap":{},"s":{"0":1},"f":{},"b":{},"_coverageSchema":"1a1c01bbd47fc00a2c39e90264f33305004495a9","hash":"57f59c469682ed3ad6476959a8630af7f360d525"}
,"/Users/julianclavijo/Projects/BankList/src/theme/colors.tsx": {"path":"/Users/julianclavijo/Projects/BankList/src/theme/colors.tsx","statementMap":{},"fnMap":{},"branchMap":{},"s":{},"f":{},"b":{},"_coverageSchema":"1a1c01bbd47fc00a2c39e90264f33305004495a9","hash":"017bb0193993f5a464ce38cd6ab88f46fa4a9128"}
,"/Users/julianclavijo/Projects/BankList/src/utils/getData.tsx": {"path":"/Users/julianclavijo/Projects/BankList/src/utils/getData.tsx","statementMap":{"0":{"start":{"line":3,"column":23},"end":{"line":5,"column":1}},"1":{"start":{"line":4,"column":2},"end":{"line":4,"column":46}},"2":{"start":{"line":4,"column":36},"end":{"line":4,"column":44}}},"fnMap":{"0":{"name":"(anonymous_0)","decl":{"start":{"line":3,"column":23},"end":{"line":3,"column":24}},"loc":{"start":{"line":3,"column":40},"end":{"line":5,"column":1}},"line":3},"1":{"name":"(anonymous_1)","decl":{"start":{"line":4,"column":29},"end":{"line":4,"column":30}},"loc":{"start":{"line":4,"column":36},"end":{"line":4,"column":44}},"line":4}},"branchMap":{},"s":{"0":1,"1":4,"2":2},"f":{"0":4,"1":2},"b":{},"_coverageSchema":"1a1c01bbd47fc00a2c39e90264f33305004495a9","hash":"cb33654235d5296c475a801e17a512e305763a5d"}
}
